#
# There is insufficient memory for the Java Runtime Environment to continue.
# Native memory allocation (malloc) failed to allocate 401984 bytes for Chunk::new
# Possible reasons:
#   The system is out of physical RAM or swap space
#   The process is running with CompressedOops enabled, and the Java Heap may be blocking the growth of the native heap
# Possible solutions:
#   Reduce memory load on the system
#   Increase physical memory or swap space
#   Check if swap backing store is full
#   Decrease Java heap size (-Xmx/-Xms)
#   Decrease number of Java threads
#   Decrease Java thread stack sizes (-Xss)
#   Set larger code cache with -XX:ReservedCodeCacheSize=
#   JVM is running with Unscaled Compressed Oops mode in which the Java heap is
#     placed in the first 4GB address space. The Java Heap base address is the
#     maximum limit for the native heap growth. Please use -XX:HeapBaseMinAddress
#     to set the Java Heap base and to place the Java Heap above 4GB virtual address.
# This output file may be truncated or incomplete.
#
#  Out of Memory Error (allocation.cpp:389), pid=20804, tid=0x0000000000003a04
#
# JRE version: OpenJDK Runtime Environment (8.0) (build 1.8.0-25-microsoft-b00)
# Java VM: OpenJDK 64-Bit Server VM (25.71-b00 mixed mode windows-amd64 compressed oops)
# Failed to write core dump. Minidumps are not enabled by default on client versions of Windows
#

---------------  T H R E A D  ---------------

Current thread (0x0000000015c6d000):  JavaThread "C2 CompilerThread1" daemon [_thread_in_native, id=14852, stack(0x0000000017670000,0x0000000017770000)]

Stack: [0x0000000017670000,0x0000000017770000]
[error occurred during error reporting (printing stack bounds), id 0xc0000005]

Native frames: (J=compiled Java code, j=interpreted, Vv=VM code, C=native code)


Current CompileTask:
C2:   1049 1126       4       com.android.tools.r8.graph.I0$d::<init> (189 bytes)


---------------  P R O C E S S  ---------------

Java Threads: ( => current thread )
  0x0000000017d1b800 JavaThread "ForkJoinPool-1-worker-0" daemon [_thread_in_Java, id=17604, stack(0x00000000183a0000,0x00000000184a0000)]
  0x0000000017d18800 JavaThread "ForkJoinPool-1-worker-1" daemon [_thread_blocked, id=17852, stack(0x0000000017a70000,0x0000000017b70000)]
  0x0000000016fff800 JavaThread "Service Thread" daemon [_thread_blocked, id=13388, stack(0x0000000017870000,0x0000000017970000)]
  0x0000000016f7f800 JavaThread "C1 CompilerThread2" daemon [_thread_in_vm, id=13864, stack(0x0000000017770000,0x0000000017870000)]
=>0x0000000015c6d000 JavaThread "C2 CompilerThread1" daemon [_thread_in_native, id=14852, stack(0x0000000017670000,0x0000000017770000)]
  0x0000000015c6b000 JavaThread "C2 CompilerThread0" daemon [_thread_in_native, id=17164, stack(0x0000000017570000,0x0000000017670000)]
  0x0000000015c20000 JavaThread "Attach Listener" daemon [_thread_blocked, id=11280, stack(0x0000000017470000,0x0000000017570000)]
  0x0000000016f78800 JavaThread "Signal Dispatcher" daemon [_thread_blocked, id=8436, stack(0x0000000017370000,0x0000000017470000)]
  0x000000000353d800 JavaThread "Finalizer" daemon [_thread_blocked, id=18544, stack(0x0000000016e70000,0x0000000016f70000)]
  0x0000000015bf9000 JavaThread "Reference Handler" daemon [_thread_blocked, id=9732, stack(0x0000000016d70000,0x0000000016e70000)]
  0x0000000003442800 JavaThread "main" [_thread_blocked, id=22300, stack(0x0000000003340000,0x0000000003440000)]

Other Threads:
  0x0000000015bd6800 VMThread [stack: 0x0000000016c70000,0x0000000016d70000] [id=5704]
  0x0000000016fcb800 WatcherThread [stack: 0x0000000017970000,0x0000000017a70000] [id=11552]

VM state:not at safepoint (normal execution)

VM Mutex/Monitor currently owned by a thread:  ([mutex/lock_event])
[0x000000000333d950] CodeCache_lock - owner thread: 0x0000000016f7f800
[0x00000000034400d0] MethodCompileQueue_lock - owner thread: 0x0000000000000000

heap address: 0x00000000c0000000, size: 1024 MB, Compressed Oops mode: 32-bit
Narrow klass base: 0x0000000000000000, Narrow klass shift: 3
Compressed class space size: 1073741824 Address: 0x0000000100000000

Heap:
 PSYoungGen      total 68608K, used 22986K [0x00000000eab00000, 0x00000000f3100000, 0x0000000100000000)
  eden space 63488K, 28% used [0x00000000eab00000,0x00000000ebc74ab8,0x00000000ee900000)
  from space 5120K, 99% used [0x00000000ee900000,0x00000000eedfddd0,0x00000000eee00000)
  to   space 5120K, 0% used [0x00000000f2c00000,0x00000000f2c00000,0x00000000f3100000)
 ParOldGen       total 84992K, used 31050K [0x00000000c0000000, 0x00000000c5300000, 0x00000000eab00000)
  object space 84992K, 36% used [0x00000000c0000000,0x00000000c1e52830,0x00000000c5300000)
 Metaspace       used 8316K, capacity 8716K, committed 8832K, reserved 1056768K
  class space    used 998K, capacity 1092K, committed 1152K, reserved 1048576K

Card table byte_map: [0x0000000012900000,0x0000000012b10000] byte_map_base: 0x0000000012300000

Marking Bits: (ParMarkBitMap*) 0x0000000070f08f30
 Begin Bits: [0x0000000013070000, 0x0000000014070000)
 End Bits:   [0x0000000014070000, 0x0000000015070000)

Polling page: 0x00000000011b0000

CodeCache: size=245760Kb used=4464Kb max_used=4464Kb free=241295Kb
 bounds [0x0000000003540000, 0x00000000039a0000, 0x0000000012540000]
 total_blobs=1546 nmethods=1229 adapters=232
 compilation: enabled

Compilation events (10 events):
Event: 1.026 Thread 0x0000000016f7f800 nmethod 1237 0x0000000003972f50 code [0x00000000039730c0, 0x00000000039732e8]
Event: 1.026 Thread 0x0000000016f7f800 1238       2       com.android.tools.r8.graph.O0::a (42 bytes)
Event: 1.027 Thread 0x0000000016f7f800 nmethod 1238 0x0000000003973410 code [0x00000000039735c0, 0x0000000003973a48]
Event: 1.027 Thread 0x0000000016f7f800 1239       2       com.android.tools.r8.graph.O0::a (44 bytes)
Event: 1.028 Thread 0x0000000016f7f800 nmethod 1239 0x0000000003973dd0 code [0x0000000003973fc0, 0x0000000003974688]
Event: 1.028 Thread 0x0000000016f7f800 1240       2       com.android.tools.r8.p.n.n::<init> (48 bytes)
Event: 1.028 Thread 0x0000000016f7f800 nmethod 1240 0x0000000003974dd0 code [0x0000000003974f20, 0x0000000003975090]
Event: 1.028 Thread 0x0000000016f7f800 1241       2       com.android.tools.r8.p.n.S::a (161 bytes)
Event: 1.028 Thread 0x0000000016f7f800 nmethod 1241 0x0000000003975110 code [0x00000000039752c0, 0x0000000003975928]
Event: 1.028 Thread 0x0000000016f7f800 1243       2       com.android.tools.r8.z.a.a.f::a (6058 bytes)

GC Heap History (6 events):
Event: 0.471 GC heap before
{Heap before GC invocations=1 (full 0):
 PSYoungGen      total 36864K, used 31744K [0x00000000eab00000, 0x00000000ed400000, 0x0000000100000000)
  eden space 31744K, 100% used [0x00000000eab00000,0x00000000eca00000,0x00000000eca00000)
  from space 5120K, 0% used [0x00000000ecf00000,0x00000000ecf00000,0x00000000ed400000)
  to   space 5120K, 0% used [0x00000000eca00000,0x00000000eca00000,0x00000000ecf00000)
 ParOldGen       total 84992K, used 0K [0x00000000c0000000, 0x00000000c5300000, 0x00000000eab00000)
  object space 84992K, 0% used [0x00000000c0000000,0x00000000c0000000,0x00000000c5300000)
 Metaspace       used 6524K, capacity 6724K, committed 6784K, reserved 1056768K
  class space    used 778K, capacity 872K, committed 896K, reserved 1048576K
Event: 0.477 GC heap after
Heap after GC invocations=1 (full 0):
 PSYoungGen      total 36864K, used 5112K [0x00000000eab00000, 0x00000000ef300000, 0x0000000100000000)
  eden space 31744K, 0% used [0x00000000eab00000,0x00000000eab00000,0x00000000eca00000)
  from space 5120K, 99% used [0x00000000eca00000,0x00000000ecefe3b0,0x00000000ecf00000)
  to   space 5120K, 0% used [0x00000000eee00000,0x00000000eee00000,0x00000000ef300000)
 ParOldGen       total 84992K, used 2716K [0x00000000c0000000, 0x00000000c5300000, 0x00000000eab00000)
  object space 84992K, 3% used [0x00000000c0000000,0x00000000c02a7308,0x00000000c5300000)
 Metaspace       used 6524K, capacity 6724K, committed 6784K, reserved 1056768K
  class space    used 778K, capacity 872K, committed 896K, reserved 1048576K
}
Event: 0.551 GC heap before
{Heap before GC invocations=2 (full 0):
 PSYoungGen      total 36864K, used 36856K [0x00000000eab00000, 0x00000000ef300000, 0x0000000100000000)
  eden space 31744K, 100% used [0x00000000eab00000,0x00000000eca00000,0x00000000eca00000)
  from space 5120K, 99% used [0x00000000eca00000,0x00000000ecefe3b0,0x00000000ecf00000)
  to   space 5120K, 0% used [0x00000000eee00000,0x00000000eee00000,0x00000000ef300000)
 ParOldGen       total 84992K, used 2716K [0x00000000c0000000, 0x00000000c5300000, 0x00000000eab00000)
  object space 84992K, 3% used [0x00000000c0000000,0x00000000c02a7308,0x00000000c5300000)
 Metaspace       used 6536K, capacity 6788K, committed 7040K, reserved 1056768K
  class space    used 778K, capacity 872K, committed 896K, reserved 1048576K
Event: 0.560 GC heap after
Heap after GC invocations=2 (full 0):
 PSYoungGen      total 68608K, used 5118K [0x00000000eab00000, 0x00000000ef300000, 0x0000000100000000)
  eden space 63488K, 0% used [0x00000000eab00000,0x00000000eab00000,0x00000000ee900000)
  from space 5120K, 99% used [0x00000000eee00000,0x00000000ef2ff950,0x00000000ef300000)
  to   space 5120K, 0% used [0x00000000ee900000,0x00000000ee900000,0x00000000eee00000)
 ParOldGen       total 84992K, used 14796K [0x00000000c0000000, 0x00000000c5300000, 0x00000000eab00000)
  object space 84992K, 17% used [0x00000000c0000000,0x00000000c0e73278,0x00000000c5300000)
 Metaspace       used 6536K, capacity 6788K, committed 7040K, reserved 1056768K
  class space    used 778K, capacity 872K, committed 896K, reserved 1048576K
}
Event: 0.863 GC heap before
{Heap before GC invocations=3 (full 0):
 PSYoungGen      total 68608K, used 68606K [0x00000000eab00000, 0x00000000ef300000, 0x0000000100000000)
  eden space 63488K, 100% used [0x00000000eab00000,0x00000000ee900000,0x00000000ee900000)
  from space 5120K, 99% used [0x00000000eee00000,0x00000000ef2ff950,0x00000000ef300000)
  to   space 5120K, 0% used [0x00000000ee900000,0x00000000ee900000,0x00000000eee00000)
 ParOldGen       total 84992K, used 14796K [0x00000000c0000000, 0x00000000c5300000, 0x00000000eab00000)
  object space 84992K, 17% used [0x00000000c0000000,0x00000000c0e73278,0x00000000c5300000)
 Metaspace       used 7763K, capacity 8118K, committed 8192K, reserved 1056768K
  class space    used 918K, capacity 1011K, committed 1024K, reserved 1048576K
Event: 0.885 GC heap after
Heap after GC invocations=3 (full 0):
 PSYoungGen      total 68608K, used 5111K [0x00000000eab00000, 0x00000000f3100000, 0x0000000100000000)
  eden space 63488K, 0% used [0x00000000eab00000,0x00000000eab00000,0x00000000ee900000)
  from space 5120K, 99% used [0x00000000ee900000,0x00000000eedfddd0,0x00000000eee00000)
  to   space 5120K, 0% used [0x00000000f2c00000,0x00000000f2c00000,0x00000000f3100000)
 ParOldGen       total 84992K, used 31050K [0x00000000c0000000, 0x00000000c5300000, 0x00000000eab00000)
  object space 84992K, 36% used [0x00000000c0000000,0x00000000c1e52830,0x00000000c5300000)
 Metaspace       used 7763K, capacity 8118K, committed 8192K, reserved 1056768K
  class space    used 918K, capacity 1011K, committed 1024K, reserved 1048576K
}

Deoptimization events (10 events):
Event: 0.768 Thread 0x0000000017d18800 Uncommon trap: reason=unstable_if action=reinterpret pc=0x0000000003816964 method=com.android.tools.r8.graph.i0.a(C[BI)I @ 7
Event: 0.768 Thread 0x0000000017d18800 Uncommon trap: reason=unstable_if action=reinterpret pc=0x000000000372a604 method=com.android.tools.r8.graph.i0.a(C[BI)I @ 7
Event: 0.768 Thread 0x0000000017d18800 Uncommon trap: reason=unstable_if action=reinterpret pc=0x000000000380f7f0 method=com.android.tools.r8.z.a.a.f.a(II[C)Ljava/lang/String; @ 32
Event: 0.777 Thread 0x0000000017d18800 Uncommon trap: reason=unstable_if action=reinterpret pc=0x00000000037ea1c0 method=com.android.tools.r8.utils.Y.d(I)Z @ 45
Event: 0.802 Thread 0x0000000017d1b800 Uncommon trap: reason=unstable_if action=reinterpret pc=0x000000000381ce84 method=java.util.concurrent.ConcurrentHashMap.addCount(JI)V @ 209
Event: 0.811 Thread 0x0000000017d1b800 Uncommon trap: reason=unstable_if action=reinterpret pc=0x000000000388da68 method=java.util.concurrent.ConcurrentHashMap.computeIfAbsent(Ljava/lang/Object;Ljava/util/function/Function;)Ljava/lang/Object; @ 104
Event: 0.834 Thread 0x0000000017d18800 Uncommon trap: reason=unstable_if action=reinterpret pc=0x0000000003816068 method=java.util.concurrent.ConcurrentHashMap.addCount(JI)V @ 209
Event: 0.963 Thread 0x0000000017d1b800 Uncommon trap: reason=unstable_if action=reinterpret pc=0x00000000039259f8 method=com.android.tools.r8.z.a.a.f.<init>([BIZ)V @ 362
Event: 0.967 Thread 0x0000000017d1b800 Uncommon trap: reason=unstable_if action=reinterpret pc=0x0000000003937d8c method=java.util.concurrent.ConcurrentHashMap.computeIfAbsent(Ljava/lang/Object;Ljava/util/function/Function;)Ljava/lang/Object; @ 281
Event: 1.040 Thread 0x0000000017d1b800 Uncommon trap: reason=unstable_if action=reinterpret pc=0x000000000381bf7c method=com.android.tools.r8.z.a.a.f.e(I[C)Ljava/lang/String; @ 7

Classes redefined (0 events):
No events

Internal exceptions (10 events):
Event: 0.404 Thread 0x0000000003442800 Exception <a 'java/security/PrivilegedActionException'> (0x00000000ebb59b70) thrown at [D:\j\worksp~1\openjd~3\jdk8u\hotspot\src\share\vm\prims\jvm.cpp, line 1508]
Event: 0.405 Thread 0x0000000003442800 Exception <a 'java/security/PrivilegedActionException'> (0x00000000ebb5de20) thrown at [D:\j\worksp~1\openjd~3\jdk8u\hotspot\src\share\vm\prims\jvm.cpp, line 1508]
Event: 0.405 Thread 0x0000000003442800 Exception <a 'java/security/PrivilegedActionException'> (0x00000000ebb5e030) thrown at [D:\j\worksp~1\openjd~3\jdk8u\hotspot\src\share\vm\prims\jvm.cpp, line 1508]
Event: 0.405 Thread 0x0000000003442800 Exception <a 'java/security/PrivilegedActionException'> (0x00000000ebb5f770) thrown at [D:\j\worksp~1\openjd~3\jdk8u\hotspot\src\share\vm\prims\jvm.cpp, line 1508]
Event: 0.405 Thread 0x0000000003442800 Exception <a 'java/security/PrivilegedActionException'> (0x00000000ebb5f980) thrown at [D:\j\worksp~1\openjd~3\jdk8u\hotspot\src\share\vm\prims\jvm.cpp, line 1508]
Event: 0.429 Thread 0x0000000003442800 Implicit null exception at 0x0000000003712f80 to 0x00000000037138c5
Event: 0.435 Thread 0x0000000003442800 Implicit null exception at 0x000000000371a600 to 0x000000000371af45
Event: 0.451 Thread 0x0000000003442800 Implicit null exception at 0x0000000003715334 to 0x0000000003715905
Event: 0.453 Thread 0x0000000003442800 Implicit null exception at 0x000000000370fdfd to 0x0000000003710259
Event: 0.993 Thread 0x0000000003442800 Exception <a 'java/lang/IncompatibleClassChangeError': Found class java.lang.Object, but interface was expected> (0x00000000eb42e550) thrown at [D:\j\worksp~1\openjd~3\jdk8u\hotspot\src\share\vm\interpreter\linkResolver.cpp, line 653]

Events (10 events):
Event: 1.032 loading class com/android/tools/r8/s/b/w$a done
Event: 1.033 Thread 0x0000000017d1b800 DEOPT PACKING pc=0x0000000003943714 sp=0x000000001849ee60
Event: 1.033 Thread 0x0000000017d1b800 DEOPT UNPACKING pc=0x00000000035871d0 sp=0x000000001849ebc8 mode 0
Event: 1.039 Thread 0x0000000017d1b800 Uncommon trap: trap_request=0xffffff65 fr.pc=0x000000000381bf7c
Event: 1.040 Thread 0x0000000017d1b800 DEOPT PACKING pc=0x000000000381bf7c sp=0x000000001849e8b0
Event: 1.040 Thread 0x0000000017d1b800 DEOPT UNPACKING pc=0x000000000358557b sp=0x000000001849e868 mode 2
Event: 1.040 loading class com/android/tools/r8/p/n/H
Event: 1.040 loading class com/android/tools/r8/p/n/H done
Event: 1.040 loading class com/android/tools/r8/s/b/H0$a
Event: 1.040 loading class com/android/tools/r8/s/b/H0$a done


Dynamic libraries:
0x00007ff68e070000 - 0x00007ff68e0a5000 	C:\Program Files\Android\Jdk\microsoft_dist_openjdk_1.8.0.25\bin\java.exe
0x00007ffbd12f0000 - 0x00007ffbd14d1000 	C:\WINDOWS\SYSTEM32\ntdll.dll
0x00007ffbcf140000 - 0x00007ffbcf1f1000 	C:\WINDOWS\System32\KERNEL32.DLL
0x00007ffbcda20000 - 0x00007ffbcdc93000 	C:\WINDOWS\System32\KERNELBASE.dll
0x00007ffbcf5d0000 - 0x00007ffbcf671000 	C:\WINDOWS\System32\ADVAPI32.dll
0x00007ffbcfbb0000 - 0x00007ffbcfc4e000 	C:\WINDOWS\System32\msvcrt.dll
0x00007ffbcf690000 - 0x00007ffbcf6eb000 	C:\WINDOWS\System32\sechost.dll
0x00007ffbcfd40000 - 0x00007ffbcfe64000 	C:\WINDOWS\System32\RPCRT4.dll
0x00007ffbcf6f0000 - 0x00007ffbcf880000 	C:\WINDOWS\System32\USER32.dll
0x00007ffbcd9a0000 - 0x00007ffbcd9c0000 	C:\WINDOWS\System32\win32u.dll
0x00007ffbcf200000 - 0x00007ffbcf228000 	C:\WINDOWS\System32\GDI32.dll
0x00007ffbcd800000 - 0x00007ffbcd991000 	C:\WINDOWS\System32\gdi32full.dll
0x00007ffbcd6b0000 - 0x00007ffbcd74f000 	C:\WINDOWS\System32\msvcp_win.dll
0x00007ffbce3b0000 - 0x00007ffbce4a8000 	C:\WINDOWS\System32\ucrtbase.dll
0x00007ffbc32b0000 - 0x00007ffbc3519000 	C:\WINDOWS\WinSxS\amd64_microsoft.windows.common-controls_6595b64144ccf1df_6.0.17134.1304_none_d3fbe61b7c93d9f0\COMCTL32.dll
0x00007ffbcf880000 - 0x00007ffbcfba1000 	C:\WINDOWS\System32\combase.dll
0x00007ffbce6f0000 - 0x00007ffbce769000 	C:\WINDOWS\System32\bcryptPrimitives.dll
0x00007ffbcf230000 - 0x00007ffbcf25d000 	C:\WINDOWS\System32\IMM32.DLL
0x0000000072490000 - 0x0000000072561000 	C:\Program Files\Android\Jdk\microsoft_dist_openjdk_1.8.0.25\jre\bin\msvcr100.dll
0x0000000070740000 - 0x0000000070f85000 	C:\Program Files\Android\Jdk\microsoft_dist_openjdk_1.8.0.25\jre\bin\server\jvm.dll
0x00007ffbce770000 - 0x00007ffbce778000 	C:\WINDOWS\System32\PSAPI.DLL
0x00007ffbcb7b0000 - 0x00007ffbcb7d3000 	C:\WINDOWS\SYSTEM32\WINMM.dll
0x00007ffbca130000 - 0x00007ffbca139000 	C:\WINDOWS\SYSTEM32\WSOCK32.dll
0x00007ffbcd1b0000 - 0x00007ffbcd1ba000 	C:\WINDOWS\SYSTEM32\VERSION.dll
0x00007ffbcea50000 - 0x00007ffbceabc000 	C:\WINDOWS\System32\WS2_32.dll
0x00007ffbcb690000 - 0x00007ffbcb6ba000 	C:\WINDOWS\SYSTEM32\winmmbase.dll
0x00007ffbce6a0000 - 0x00007ffbce6e9000 	C:\WINDOWS\System32\cfgmgr32.dll
0x00007ffbca120000 - 0x00007ffbca12f000 	C:\Program Files\Android\Jdk\microsoft_dist_openjdk_1.8.0.25\jre\bin\verify.dll
0x00007ffbc7130000 - 0x00007ffbc7159000 	C:\Program Files\Android\Jdk\microsoft_dist_openjdk_1.8.0.25\jre\bin\java.dll
0x00007ffbc28a0000 - 0x00007ffbc28b6000 	C:\Program Files\Android\Jdk\microsoft_dist_openjdk_1.8.0.25\jre\bin\zip.dll
0x00007ffbcfe70000 - 0x00007ffbd12b5000 	C:\WINDOWS\System32\SHELL32.dll
0x00007ffbce9a0000 - 0x00007ffbcea49000 	C:\WINDOWS\System32\shcore.dll
0x00007ffbcdca0000 - 0x00007ffbce3b0000 	C:\WINDOWS\System32\windows.storage.dll
0x00007ffbceb60000 - 0x00007ffbcebb1000 	C:\WINDOWS\System32\shlwapi.dll
0x00007ffbcd670000 - 0x00007ffbcd681000 	C:\WINDOWS\System32\kernel.appcore.dll
0x00007ffbcd690000 - 0x00007ffbcd6af000 	C:\WINDOWS\System32\profapi.dll
0x00007ffbcd600000 - 0x00007ffbcd64c000 	C:\WINDOWS\System32\powrprof.dll
0x00007ffbcd5f0000 - 0x00007ffbcd5fa000 	C:\WINDOWS\System32\FLTLIB.DLL
0x00007ffbc2880000 - 0x00007ffbc289a000 	C:\Program Files\Android\jdk\microsoft_dist_openjdk_1.8.0.25\jre\bin\net.dll
0x00007ffbccdb0000 - 0x00007ffbcce16000 	C:\WINDOWS\system32\mswsock.dll
0x00007ffbc0810000 - 0x00007ffbc0821000 	C:\Program Files\Android\jdk\microsoft_dist_openjdk_1.8.0.25\jre\bin\nio.dll

VM Arguments:
jvm_args: -Xmx1G 
java_command: com.android.tools.r8.D8 --release --min-api 21 --output obj\Release\110\android\bin\ --lib D:\Android\android-sdk\platforms\android-30\android.jar obj\Release\110\android\bin\classes.zip C:\Program Files (x86)\Microsoft Visual Studio\2019\Community\Common7\IDE\ReferenceAssemblies\Microsoft\Framework\MonoAndroid\v11.0\mono.android.jar C:\Program Files (x86)\Microsoft Visual Studio\2019\Community\MSBuild\Xamarin\Android\\java_runtime.jar C:\Program Files (x86)\Microsoft\Xamarin\NuGet\xamarin.google.guava.listenablefuture\1.0.0.2\buildTransitive\monoandroid50\guava-listenablefuture.jar C:\Program Files (x86)\Microsoft\Xamarin\NuGet\xamarin.androidx.annotation\1.1.0.7\buildTransitive\monoandroid90\..\..\jar\androidx.annotation.annotation.jar C:\Program Files (x86)\Microsoft\Xamarin\NuGet\xamarin.androidx.collection\1.1.0.5\buildTransitive\monoandroid90\..\..\jar\androidx.collection.collection.jar C:\Program Files (x86)\Microsoft\Xamarin\NuGet\xamarin.androidx.lifecycle.common\2.2.0.3\buildTransitive\monoandroid90\..\..\jar\androidx.lifecycle.lifecycle-common.jar C:\Program Files (x86)\Microsoft\Xamarin\NuGet\xamarin.androidx.arch.core.common\2.1.0.6\buildTransitive\monoandroid90\..\..\jar\androidx.arch.core.core-common.jar obj\Release\110\lp\41\jl\classes.jar obj\Release\110\lp\42\jl\classes.jar obj\Release\110\lp\43\jl\classes.jar obj\Release\110\lp\44\jl\classes.jar obj\Release\110\lp\45\jl\classes.jar obj\Release\110\lp\46\jl\classes.jar obj\Release\110\lp\47\jl\classes.jar obj\Release\110\lp\48\jl\classes.jar obj\Release\110\lp\49\jl\classes.jar obj\Release\110\lp\50\jl\classes.jar obj\Release\110\lp\51\jl\classes.jar obj\Release\110\lp\52\jl\classes.jar obj\Release\110\lp\53\jl\classes.jar obj\Release\110\lp\54\jl\classes.jar obj\Release\110\lp\55\jl\classes.jar obj\Release\110\lp\56\jl\classes.jar obj\Release\110\lp\57\jl\classes.jar obj\Release\110\lp\58\jl\classes.jar obj\Release\110\lp\59\jl\classes.jar obj\Release\110\lp\60\jl\classes.jar obj\R
java_class_path (initial): C:\Program Files (x86)\Microsoft Visual Studio\2019\Community\MSBuild\Xamarin\Android\r8.jar
Launcher Type: SUN_STANDARD

Environment Variables:
PATH=C:\Program Files\Android\Jdk\microsoft_dist_openjdk_1.8.0.25\bin;C:\Program Files (x86)\Common Files\Oracle\Java\javapath;C:\WINDOWS\system32;C:\WINDOWS;C:\WINDOWS\System32\Wbem;C:\WINDOWS\System32\WindowsPowerShell\v1.0\;C:\WINDOWS\System32\OpenSSH\;C:\Program Files\dotnet\;D:\nodejs\;C:\Users\Administrator\AppData\Local\Microsoft\WindowsApps;C:\Users\Administrator\.dotnet\tools;C:\Windows\Microsoft.NET\Framework64\v4.0.30319;C:\Users\Administrator\AppData\Roaming\npm
USERNAME=Administrator
OS=Windows_NT
PROCESSOR_IDENTIFIER=AMD64 Family 23 Model 17 Stepping 0, AuthenticAMD



---------------  S Y S T E M  ---------------

OS: Windows 10.0 , 64 bit Build 17134 (10.0.17134.753)

CPU:total 4 (initial active 4) (4 cores per cpu, 1 threads per core) family 23 model 17 stepping 0, cmov, cx8, fxsr, mmx, sse, sse2, sse3, ssse3, sse4.1, sse4.2, popcnt, avx, avx2, aes, clmul, mmxext, 3dnowpref, lzcnt, sse4a, tsc, tscinvbit, tscinv, bmi1

Memory: 4k page, physical 8077868k(495860k free), swap 14412392k(4616k free)

vm_info: OpenJDK 64-Bit Server VM (25.71-b00) for windows-amd64 JRE (1.8.0-25-microsoft-b00), built on Feb  7 2019 20:09:14 by "builder" with MS VC++ 10.0 (VS2010)

time: Sat Oct 23 18:12:23 2021
timezone: 中国标准时间
elapsed time: 1 seconds (0d 0h 0m 1s)

