#
# There is insufficient memory for the Java Runtime Environment to continue.
# Native memory allocation (malloc) failed to allocate 548656 bytes for Chunk::new
# Possible reasons:
#   The system is out of physical RAM or swap space
#   The process is running with CompressedOops enabled, and the Java Heap may be blocking the growth of the native heap
# Possible solutions:
#   Reduce memory load on the system
#   Increase physical memory or swap space
#   Check if swap backing store is full
#   Decrease Java heap size (-Xmx/-Xms)
#   Decrease number of Java threads
#   Decrease Java thread stack sizes (-Xss)
#   Set larger code cache with -XX:ReservedCodeCacheSize=
#   JVM is running with Unscaled Compressed Oops mode in which the Java heap is
#     placed in the first 4GB address space. The Java Heap base address is the
#     maximum limit for the native heap growth. Please use -XX:HeapBaseMinAddress
#     to set the Java Heap base and to place the Java Heap above 4GB virtual address.
# This output file may be truncated or incomplete.
#
#  Out of Memory Error (allocation.cpp:389), pid=8548, tid=0x00000000000033b8
#
# JRE version: OpenJDK Runtime Environment (8.0) (build 1.8.0-25-microsoft-b00)
# Java VM: OpenJDK 64-Bit Server VM (25.71-b00 mixed mode windows-amd64 compressed oops)
# Failed to write core dump. Minidumps are not enabled by default on client versions of Windows
#

---------------  T H R E A D  ---------------

Current thread (0x0000000017b2a000):  JavaThread "C2 CompilerThread0" daemon [_thread_in_native, id=13240, stack(0x0000000019450000,0x0000000019550000)]

Stack: [0x0000000019450000,0x0000000019550000]
[error occurred during error reporting (printing stack bounds), id 0xc0000005]

Native frames: (J=compiled Java code, j=interpreted, Vv=VM code, C=native code)


Current CompileTask:
C2:    870  601       4       com.sun.tools.javac.file.ZipFileIndex$ZipDirectory::readEntry (587 bytes)


---------------  P R O C E S S  ---------------

Java Threads: ( => current thread )
  0x0000000018ee2800 JavaThread "Service Thread" daemon [_thread_blocked, id=112, stack(0x0000000019750000,0x0000000019850000)]
  0x0000000018e60000 JavaThread "C1 CompilerThread2" daemon [_thread_in_vm, id=17692, stack(0x0000000019650000,0x0000000019750000)]
  0x0000000017b2d000 JavaThread "C2 CompilerThread1" daemon [_thread_in_native, id=21656, stack(0x0000000019550000,0x0000000019650000)]
=>0x0000000017b2a000 JavaThread "C2 CompilerThread0" daemon [_thread_in_native, id=13240, stack(0x0000000019450000,0x0000000019550000)]
  0x0000000017adf000 JavaThread "Attach Listener" daemon [_thread_blocked, id=21860, stack(0x0000000019350000,0x0000000019450000)]
  0x0000000018e58800 JavaThread "Signal Dispatcher" daemon [_thread_blocked, id=12600, stack(0x0000000019250000,0x0000000019350000)]
  0x000000000315c000 JavaThread "Finalizer" daemon [_thread_blocked, id=17680, stack(0x0000000018d50000,0x0000000018e50000)]
  0x0000000017ab9000 JavaThread "Reference Handler" daemon [_thread_blocked, id=10316, stack(0x0000000018c50000,0x0000000018d50000)]
  0x0000000002d1e000 JavaThread "main" [_thread_in_Java, id=17192, stack(0x0000000002b50000,0x0000000002c50000)]

Other Threads:
  0x0000000017a96800 VMThread [stack: 0x0000000018b50000,0x0000000018c50000] [id=16516]
  0x0000000018ee3000 WatcherThread [stack: 0x0000000019850000,0x0000000019950000] [id=4440]

VM state:not at safepoint (normal execution)

VM Mutex/Monitor currently owned by a thread: None

heap address: 0x0000000084a00000, size: 1974 MB, Compressed Oops mode: 32-bit
Narrow klass base: 0x0000000000000000, Narrow klass shift: 3
Compressed class space size: 1073741824 Address: 0x0000000100000000

Heap:
 PSYoungGen      total 13824K, used 11458K [0x00000000d6e00000, 0x00000000d8380000, 0x0000000100000000)
  eden space 9728K, 86% used [0x00000000d6e00000,0x00000000d762d098,0x00000000d7780000)
  from space 4096K, 75% used [0x00000000d7780000,0x00000000d7a83780,0x00000000d7b80000)
  to   space 4608K, 0% used [0x00000000d7f00000,0x00000000d7f00000,0x00000000d8380000)
 ParOldGen       total 8704K, used 3921K [0x0000000084a00000, 0x0000000085280000, 0x00000000d6e00000)
  object space 8704K, 45% used [0x0000000084a00000,0x0000000084dd4680,0x0000000085280000)
 Metaspace       used 7585K, capacity 8404K, committed 8704K, reserved 1056768K
  class space    used 871K, capacity 912K, committed 1024K, reserved 1048576K

Card table byte_map: [0x0000000012520000,0x0000000012900000] byte_map_base: 0x00000000120fb000

Marking Bits: (ParMarkBitMap*) 0x0000000070f08f30
 Begin Bits: [0x0000000012fa0000, 0x0000000014e78000)
 End Bits:   [0x0000000014e78000, 0x0000000016d50000)

Polling page: 0x0000000002a70000

CodeCache: size=245760Kb used=3274Kb max_used=3274Kb free=242485Kb
 bounds [0x0000000003160000, 0x00000000034a0000, 0x0000000012160000]
 total_blobs=974 nmethods=686 adapters=203
 compilation: enabled

Compilation events (10 events):
Event: 0.864 Thread 0x0000000018e60000 nmethod 668 0x0000000003484dd0 code [0x0000000003484f20, 0x0000000003485130]
Event: 0.864 Thread 0x0000000018e60000  665       2       java.lang.Character::isHighSurrogate (18 bytes)
Event: 0.864 Thread 0x0000000018e60000 nmethod 665 0x0000000003485250 code [0x00000000034853a0, 0x00000000034854f0]
Event: 0.864 Thread 0x0000000018e60000  669       2       java.lang.Character::isJavaIdentifierPart (9 bytes)
Event: 0.864 Thread 0x0000000018e60000 nmethod 669 0x0000000003485550 code [0x00000000034856c0, 0x0000000003485838]
Event: 0.864 Thread 0x0000000018e60000  670       2       java.lang.CharacterDataLatin1::isJavaIdentifierPart (20 bytes)
Event: 0.864 Thread 0x0000000018e60000 nmethod 670 0x00000000034858d0 code [0x0000000003485a20, 0x0000000003485bb0]
Event: 0.864 Thread 0x0000000018e60000  671       2       com.sun.tools.javac.util.BaseFileManager::getKind (55 bytes)
Event: 0.864 Thread 0x0000000018e60000 nmethod 671 0x0000000003485cd0 code [0x0000000003485e80, 0x0000000003486128]
Event: 0.864 Thread 0x0000000018e60000  672       2       java.lang.String::lastIndexOf (151 bytes)

GC Heap History (10 events):
Event: 0.496 GC heap before
{Heap before GC invocations=6 (full 0):
 PSYoungGen      total 3584K, used 3454K [0x00000000d6e00000, 0x00000000d7600000, 0x0000000100000000)
  eden space 3072K, 96% used [0x00000000d6e00000,0x00000000d70e18a0,0x00000000d7100000)
  from space 512K, 98% used [0x00000000d7100000,0x00000000d717e010,0x00000000d7180000)
  to   space 1024K, 0% used [0x00000000d7500000,0x00000000d7500000,0x00000000d7600000)
 ParOldGen       total 5632K, used 912K [0x0000000084a00000, 0x0000000084f80000, 0x00000000d6e00000)
  object space 5632K, 16% used [0x0000000084a00000,0x0000000084ae40b0,0x0000000084f80000)
 Metaspace       used 6910K, capacity 7860K, committed 8064K, reserved 1056768K
  class space    used 829K, capacity 880K, committed 896K, reserved 1048576K
Event: 0.498 GC heap after
Heap after GC invocations=6 (full 0):
 PSYoungGen      total 6656K, used 1016K [0x00000000d6e00000, 0x00000000d7700000, 0x0000000100000000)
  eden space 5632K, 0% used [0x00000000d6e00000,0x00000000d6e00000,0x00000000d7380000)
  from space 1024K, 99% used [0x00000000d7500000,0x00000000d75fe010,0x00000000d7600000)
  to   space 1536K, 0% used [0x00000000d7380000,0x00000000d7380000,0x00000000d7500000)
 ParOldGen       total 5632K, used 1036K [0x0000000084a00000, 0x0000000084f80000, 0x00000000d6e00000)
  object space 5632K, 18% used [0x0000000084a00000,0x0000000084b03230,0x0000000084f80000)
 Metaspace       used 6910K, capacity 7860K, committed 8064K, reserved 1056768K
  class space    used 829K, capacity 880K, committed 896K, reserved 1048576K
}
Event: 0.601 GC heap before
{Heap before GC invocations=7 (full 0):
 PSYoungGen      total 6656K, used 6484K [0x00000000d6e00000, 0x00000000d7700000, 0x0000000100000000)
  eden space 5632K, 97% used [0x00000000d6e00000,0x00000000d73570e8,0x00000000d7380000)
  from space 1024K, 99% used [0x00000000d7500000,0x00000000d75fe010,0x00000000d7600000)
  to   space 1536K, 0% used [0x00000000d7380000,0x00000000d7380000,0x00000000d7500000)
 ParOldGen       total 5632K, used 1036K [0x0000000084a00000, 0x0000000084f80000, 0x00000000d6e00000)
  object space 5632K, 18% used [0x0000000084a00000,0x0000000084b03230,0x0000000084f80000)
 Metaspace       used 7353K, capacity 8244K, committed 8320K, reserved 1056768K
  class space    used 858K, capacity 880K, committed 896K, reserved 1048576K
Event: 0.603 GC heap after
Heap after GC invocations=7 (full 0):
 PSYoungGen      total 7168K, used 1507K [0x00000000d6e00000, 0x00000000d7e00000, 0x0000000100000000)
  eden space 5632K, 0% used [0x00000000d6e00000,0x00000000d6e00000,0x00000000d7380000)
  from space 1536K, 98% used [0x00000000d7380000,0x00000000d74f8d48,0x00000000d7500000)
  to   space 2560K, 0% used [0x00000000d7b80000,0x00000000d7b80000,0x00000000d7e00000)
 ParOldGen       total 5632K, used 2488K [0x0000000084a00000, 0x0000000084f80000, 0x00000000d6e00000)
  object space 5632K, 44% used [0x0000000084a00000,0x0000000084c6e280,0x0000000084f80000)
 Metaspace       used 7353K, capacity 8244K, committed 8320K, reserved 1056768K
  class space    used 858K, capacity 880K, committed 896K, reserved 1048576K
}
Event: 0.676 GC heap before
{Heap before GC invocations=8 (full 0):
 PSYoungGen      total 7168K, used 7139K [0x00000000d6e00000, 0x00000000d7e00000, 0x0000000100000000)
  eden space 5632K, 100% used [0x00000000d6e00000,0x00000000d7380000,0x00000000d7380000)
  from space 1536K, 98% used [0x00000000d7380000,0x00000000d74f8d48,0x00000000d7500000)
  to   space 2560K, 0% used [0x00000000d7b80000,0x00000000d7b80000,0x00000000d7e00000)
 ParOldGen       total 5632K, used 2488K [0x0000000084a00000, 0x0000000084f80000, 0x00000000d6e00000)
  object space 5632K, 44% used [0x0000000084a00000,0x0000000084c6e280,0x0000000084f80000)
 Metaspace       used 7360K, capacity 8244K, committed 8320K, reserved 1056768K
  class space    used 858K, capacity 880K, committed 896K, reserved 1048576K
Event: 0.679 GC heap after
Heap after GC invocations=8 (full 0):
 PSYoungGen      total 12288K, used 2541K [0x00000000d6e00000, 0x00000000d8100000, 0x0000000100000000)
  eden space 9728K, 0% used [0x00000000d6e00000,0x00000000d6e00000,0x00000000d7780000)
  from space 2560K, 99% used [0x00000000d7b80000,0x00000000d7dfb6b8,0x00000000d7e00000)
  to   space 4096K, 0% used [0x00000000d7780000,0x00000000d7780000,0x00000000d7b80000)
 ParOldGen       total 5632K, used 5332K [0x0000000084a00000, 0x0000000084f80000, 0x00000000d6e00000)
  object space 5632K, 94% used [0x0000000084a00000,0x0000000084f352b8,0x0000000084f80000)
 Metaspace       used 7360K, capacity 8244K, committed 8320K, reserved 1056768K
  class space    used 858K, capacity 880K, committed 896K, reserved 1048576K
}
Event: 0.679 GC heap before
{Heap before GC invocations=9 (full 1):
 PSYoungGen      total 12288K, used 2541K [0x00000000d6e00000, 0x00000000d8100000, 0x0000000100000000)
  eden space 9728K, 0% used [0x00000000d6e00000,0x00000000d6e00000,0x00000000d7780000)
  from space 2560K, 99% used [0x00000000d7b80000,0x00000000d7dfb6b8,0x00000000d7e00000)
  to   space 4096K, 0% used [0x00000000d7780000,0x00000000d7780000,0x00000000d7b80000)
 ParOldGen       total 5632K, used 5332K [0x0000000084a00000, 0x0000000084f80000, 0x00000000d6e00000)
  object space 5632K, 94% used [0x0000000084a00000,0x0000000084f352b8,0x0000000084f80000)
 Metaspace       used 7360K, capacity 8244K, committed 8320K, reserved 1056768K
  class space    used 858K, capacity 880K, committed 896K, reserved 1048576K
Event: 0.704 GC heap after
Heap after GC invocations=9 (full 1):
 PSYoungGen      total 12288K, used 2029K [0x00000000d6e00000, 0x00000000d8100000, 0x0000000100000000)
  eden space 9728K, 0% used [0x00000000d6e00000,0x00000000d6e00000,0x00000000d7780000)
  from space 2560K, 79% used [0x00000000d7b80000,0x00000000d7d7b580,0x00000000d7e00000)
  to   space 4096K, 0% used [0x00000000d7780000,0x00000000d7780000,0x00000000d7b80000)
 ParOldGen       total 8704K, used 3849K [0x0000000084a00000, 0x0000000085280000, 0x00000000d6e00000)
  object space 8704K, 44% used [0x0000000084a00000,0x0000000084dc2680,0x0000000085280000)
 Metaspace       used 7360K, capacity 8244K, committed 8320K, reserved 1056768K
  class space    used 858K, capacity 880K, committed 896K, reserved 1048576K
}
Event: 0.745 GC heap before
{Heap before GC invocations=10 (full 1):
 PSYoungGen      total 12288K, used 11757K [0x00000000d6e00000, 0x00000000d8100000, 0x0000000100000000)
  eden space 9728K, 100% used [0x00000000d6e00000,0x00000000d7780000,0x00000000d7780000)
  from space 2560K, 79% used [0x00000000d7b80000,0x00000000d7d7b580,0x00000000d7e00000)
  to   space 4096K, 0% used [0x00000000d7780000,0x00000000d7780000,0x00000000d7b80000)
 ParOldGen       total 8704K, used 3849K [0x0000000084a00000, 0x0000000085280000, 0x00000000d6e00000)
  object space 8704K, 44% used [0x0000000084a00000,0x0000000084dc2680,0x0000000085280000)
 Metaspace       used 7361K, capacity 8244K, committed 8320K, reserved 1056768K
  class space    used 858K, capacity 880K, committed 896K, reserved 1048576K
Event: 0.749 GC heap after
Heap after GC invocations=10 (full 1):
 PSYoungGen      total 13824K, used 3085K [0x00000000d6e00000, 0x00000000d8380000, 0x0000000100000000)
  eden space 9728K, 0% used [0x00000000d6e00000,0x00000000d6e00000,0x00000000d7780000)
  from space 4096K, 75% used [0x00000000d7780000,0x00000000d7a83780,0x00000000d7b80000)
  to   space 4608K, 0% used [0x00000000d7f00000,0x00000000d7f00000,0x00000000d8380000)
 ParOldGen       total 8704K, used 3921K [0x0000000084a00000, 0x0000000085280000, 0x00000000d6e00000)
  object space 8704K, 45% used [0x0000000084a00000,0x0000000084dd4680,0x0000000085280000)
 Metaspace       used 7361K, capacity 8244K, committed 8320K, reserved 1056768K
  class space    used 858K, capacity 880K, committed 896K, reserved 1048576K
}

Deoptimization events (10 events):
Event: 0.468 Thread 0x0000000002d1e000 Uncommon trap: reason=unstable_if action=reinterpret pc=0x00000000032d919c method=java.lang.String.replace(CC)Ljava/lang/String; @ 26
Event: 0.575 Thread 0x0000000002d1e000 Uncommon trap: reason=unstable_if action=reinterpret pc=0x00000000033d18a0 method=com.sun.tools.javac.util.Name$Table.equals([BI[BII)Z @ 22
Event: 0.577 Thread 0x0000000002d1e000 Uncommon trap: reason=unstable_if action=reinterpret pc=0x0000000003363830 method=com.sun.tools.javac.util.ArrayUtils.ensureCapacity([CI)[C @ 3
Event: 0.577 Thread 0x0000000002d1e000 Uncommon trap: reason=unstable_if action=reinterpret pc=0x0000000003363d54 method=com.sun.tools.javac.parser.UnicodeReader.scanChar()V @ 37
Event: 0.581 Thread 0x0000000002d1e000 Uncommon trap: reason=unstable_if action=reinterpret pc=0x000000000332b524 method=java.lang.String.<init>([CII)V @ 18
Event: 0.583 Thread 0x0000000002d1e000 Uncommon trap: reason=unstable_if action=reinterpret pc=0x00000000033f1398 method=com.sun.tools.javac.parser.Scanner.token(I)Lcom/sun/tools/javac/parser/Tokens$Token; @ 1
Event: 0.604 Thread 0x0000000002d1e000 Uncommon trap: reason=unstable_if action=reinterpret pc=0x0000000003401cf8 method=sun.nio.cs.UTF_8$Decoder.decodeArrayLoop(Ljava/nio/ByteBuffer;Ljava/nio/CharBuffer;)Ljava/nio/charset/CoderResult; @ 84
Event: 0.643 Thread 0x0000000002d1e000 Uncommon trap: reason=unstable_if action=reinterpret pc=0x0000000003364148 method=com.sun.tools.javac.parser.UnicodeReader.scanChar()V @ 37
Event: 0.658 Thread 0x0000000002d1e000 Uncommon trap: reason=unstable_if action=reinterpret pc=0x00000000034196e0 method=com.sun.tools.javac.parser.JavaTokenizer.readToken()Lcom/sun/tools/javac/parser/Tokens$Token; @ 536
Event: 0.710 Thread 0x0000000002d1e000 Uncommon trap: reason=unstable_if action=reinterpret pc=0x00000000033ff708 method=com.sun.tools.javac.util.Position$LineMapImpl.build([CI)V @ 42

Classes redefined (0 events):
No events

Internal exceptions (10 events):
Event: 0.038 Thread 0x0000000002d1e000 Exception <a 'java/lang/NoSuchMethodError': Method sun.misc.Unsafe.defineClass(Ljava/lang/String;[BII)Ljava/lang/Class; name or signature does not match> (0x00000000d6e07cd8) thrown at [D:\j\worksp~1\openjd~3\jdk8u\hotspot\src\share\vm\prims\jni.cpp, line
Event: 0.038 Thread 0x0000000002d1e000 Exception <a 'java/lang/NoSuchMethodError': Method sun.misc.Unsafe.prefetchRead(Ljava/lang/Object;J)V name or signature does not match> (0x00000000d6e07fc0) thrown at [D:\j\worksp~1\openjd~3\jdk8u\hotspot\src\share\vm\prims\jni.cpp, line 4012]
Event: 0.161 Thread 0x0000000002d1e000 Exception <a 'java/security/PrivilegedActionException'> (0x00000000d6e466c0) thrown at [D:\j\worksp~1\openjd~3\jdk8u\hotspot\src\share\vm\prims\jvm.cpp, line 1508]
Event: 0.161 Thread 0x0000000002d1e000 Exception <a 'java/security/PrivilegedActionException'> (0x00000000d6e46ab8) thrown at [D:\j\worksp~1\openjd~3\jdk8u\hotspot\src\share\vm\prims\jvm.cpp, line 1508]
Event: 0.163 Thread 0x0000000002d1e000 Exception <a 'java/security/PrivilegedActionException'> (0x00000000d6e4b088) thrown at [D:\j\worksp~1\openjd~3\jdk8u\hotspot\src\share\vm\prims\jvm.cpp, line 1508]
Event: 0.163 Thread 0x0000000002d1e000 Exception <a 'java/security/PrivilegedActionException'> (0x00000000d6e4b480) thrown at [D:\j\worksp~1\openjd~3\jdk8u\hotspot\src\share\vm\prims\jvm.cpp, line 1508]
Event: 0.163 Thread 0x0000000002d1e000 Exception <a 'java/security/PrivilegedActionException'> (0x00000000d6e4cda8) thrown at [D:\j\worksp~1\openjd~3\jdk8u\hotspot\src\share\vm\prims\jvm.cpp, line 1508]
Event: 0.163 Thread 0x0000000002d1e000 Exception <a 'java/security/PrivilegedActionException'> (0x00000000d6e4d1a0) thrown at [D:\j\worksp~1\openjd~3\jdk8u\hotspot\src\share\vm\prims\jvm.cpp, line 1508]
Event: 0.167 Thread 0x0000000002d1e000 Exception <a 'java/security/PrivilegedActionException'> (0x00000000d6e83110) thrown at [D:\j\worksp~1\openjd~3\jdk8u\hotspot\src\share\vm\prims\jvm.cpp, line 1508]
Event: 0.167 Thread 0x0000000002d1e000 Exception <a 'java/security/PrivilegedActionException'> (0x00000000d6e83508) thrown at [D:\j\worksp~1\openjd~3\jdk8u\hotspot\src\share\vm\prims\jvm.cpp, line 1508]

Events (10 events):
Event: 0.855 loading class com/sun/tools/javac/code/Scope$ImportScope$1
Event: 0.855 loading class com/sun/tools/javac/code/Scope$ImportScope$1 done
Event: 0.857 loading class com/sun/tools/javac/file/ZipFileIndexArchive$ZipFileIndexFileObject
Event: 0.857 loading class com/sun/tools/javac/file/ZipFileIndexArchive$ZipFileIndexFileObject done
Event: 0.862 loading class com/sun/tools/javac/jvm/ClassReader$25
Event: 0.862 loading class com/sun/tools/javac/jvm/ClassReader$25 done
Event: 0.862 loading class com/sun/tools/javac/code/TargetType
Event: 0.862 loading class com/sun/tools/javac/code/TargetType done
Event: 0.863 loading class javax/lang/model/SourceVersion
Event: 0.863 loading class javax/lang/model/SourceVersion done


Dynamic libraries:
0x00007ff602f90000 - 0x00007ff602f97000 	C:\Program Files\Android\Jdk\microsoft_dist_openjdk_1.8.0.25\bin\javac.exe
0x00007ffbd12f0000 - 0x00007ffbd14d1000 	C:\WINDOWS\SYSTEM32\ntdll.dll
0x00007ffbcf140000 - 0x00007ffbcf1f1000 	C:\WINDOWS\System32\KERNEL32.DLL
0x00007ffbcda20000 - 0x00007ffbcdc93000 	C:\WINDOWS\System32\KERNELBASE.dll
0x0000000072230000 - 0x0000000072301000 	C:\Program Files\Android\Jdk\microsoft_dist_openjdk_1.8.0.25\bin\MSVCR100.dll
0x00007ffbbf770000 - 0x00007ffbbf79f000 	C:\Program Files\Android\Jdk\microsoft_dist_openjdk_1.8.0.25\bin\jli.dll
0x00007ffbcf5d0000 - 0x00007ffbcf671000 	C:\WINDOWS\System32\ADVAPI32.dll
0x00007ffbcfbb0000 - 0x00007ffbcfc4e000 	C:\WINDOWS\System32\msvcrt.dll
0x00007ffbcf690000 - 0x00007ffbcf6eb000 	C:\WINDOWS\System32\sechost.dll
0x00007ffbcfd40000 - 0x00007ffbcfe64000 	C:\WINDOWS\System32\RPCRT4.dll
0x00007ffbcf6f0000 - 0x00007ffbcf880000 	C:\WINDOWS\System32\USER32.dll
0x00007ffbcd9a0000 - 0x00007ffbcd9c0000 	C:\WINDOWS\System32\win32u.dll
0x00007ffbcf200000 - 0x00007ffbcf228000 	C:\WINDOWS\System32\GDI32.dll
0x00007ffbcd800000 - 0x00007ffbcd991000 	C:\WINDOWS\System32\gdi32full.dll
0x00007ffbcd6b0000 - 0x00007ffbcd74f000 	C:\WINDOWS\System32\msvcp_win.dll
0x00007ffbc32b0000 - 0x00007ffbc3519000 	C:\WINDOWS\WinSxS\amd64_microsoft.windows.common-controls_6595b64144ccf1df_6.0.17134.1304_none_d3fbe61b7c93d9f0\COMCTL32.dll
0x00007ffbce3b0000 - 0x00007ffbce4a8000 	C:\WINDOWS\System32\ucrtbase.dll
0x00007ffbcf880000 - 0x00007ffbcfba1000 	C:\WINDOWS\System32\combase.dll
0x00007ffbce6f0000 - 0x00007ffbce769000 	C:\WINDOWS\System32\bcryptPrimitives.dll
0x00007ffbcf230000 - 0x00007ffbcf25d000 	C:\WINDOWS\System32\IMM32.DLL
0x0000000072490000 - 0x0000000072561000 	C:\Program Files\Android\Jdk\microsoft_dist_openjdk_1.8.0.25\jre\bin\msvcr100.dll
0x0000000070740000 - 0x0000000070f85000 	C:\Program Files\Android\Jdk\microsoft_dist_openjdk_1.8.0.25\jre\bin\server\jvm.dll
0x00007ffbce770000 - 0x00007ffbce778000 	C:\WINDOWS\System32\PSAPI.DLL
0x00007ffbca130000 - 0x00007ffbca139000 	C:\WINDOWS\SYSTEM32\WSOCK32.dll
0x00007ffbcea50000 - 0x00007ffbceabc000 	C:\WINDOWS\System32\WS2_32.dll
0x00007ffbcb7b0000 - 0x00007ffbcb7d3000 	C:\WINDOWS\SYSTEM32\WINMM.dll
0x00007ffbcd1b0000 - 0x00007ffbcd1ba000 	C:\WINDOWS\SYSTEM32\VERSION.dll
0x00007ffbcb690000 - 0x00007ffbcb6ba000 	C:\WINDOWS\SYSTEM32\winmmbase.dll
0x00007ffbce6a0000 - 0x00007ffbce6e9000 	C:\WINDOWS\System32\cfgmgr32.dll
0x00007ffbca120000 - 0x00007ffbca12f000 	C:\Program Files\Android\Jdk\microsoft_dist_openjdk_1.8.0.25\jre\bin\verify.dll
0x00007ffbc7130000 - 0x00007ffbc7159000 	C:\Program Files\Android\Jdk\microsoft_dist_openjdk_1.8.0.25\jre\bin\java.dll
0x00007ffbc28a0000 - 0x00007ffbc28b6000 	C:\Program Files\Android\Jdk\microsoft_dist_openjdk_1.8.0.25\jre\bin\zip.dll
0x00007ffbcfe70000 - 0x00007ffbd12b5000 	C:\WINDOWS\System32\SHELL32.dll
0x00007ffbce9a0000 - 0x00007ffbcea49000 	C:\WINDOWS\System32\shcore.dll
0x00007ffbcdca0000 - 0x00007ffbce3b0000 	C:\WINDOWS\System32\windows.storage.dll
0x00007ffbceb60000 - 0x00007ffbcebb1000 	C:\WINDOWS\System32\shlwapi.dll
0x00007ffbcd670000 - 0x00007ffbcd681000 	C:\WINDOWS\System32\kernel.appcore.dll
0x00007ffbcd690000 - 0x00007ffbcd6af000 	C:\WINDOWS\System32\profapi.dll
0x00007ffbcd600000 - 0x00007ffbcd64c000 	C:\WINDOWS\System32\powrprof.dll
0x00007ffbcd5f0000 - 0x00007ffbcd5fa000 	C:\WINDOWS\System32\FLTLIB.DLL

VM Arguments:
jvm_args: -Dapplication.home=C:\Program Files\Android\Jdk\microsoft_dist_openjdk_1.8.0.25 -Xms8m -Dfile.encoding=UTF8 
java_command: com.sun.tools.javac.Main @C:\Users\Administrator\AppData\Local\Temp\tmp2D7.tmp -target 1.8 -source 1.8
java_class_path (initial): C:\Program Files\Android\Jdk\microsoft_dist_openjdk_1.8.0.25/lib/tools.jar;C:\Program Files\Android\Jdk\microsoft_dist_openjdk_1.8.0.25/classes
Launcher Type: SUN_STANDARD

Environment Variables:
PATH=C:\Program Files\Android\Jdk\microsoft_dist_openjdk_1.8.0.25\bin;C:\Program Files (x86)\Common Files\Oracle\Java\javapath;C:\WINDOWS\system32;C:\WINDOWS;C:\WINDOWS\System32\Wbem;C:\WINDOWS\System32\WindowsPowerShell\v1.0\;C:\WINDOWS\System32\OpenSSH\;C:\Program Files\dotnet\;D:\nodejs\;C:\Users\Administrator\AppData\Local\Microsoft\WindowsApps;C:\Users\Administrator\.dotnet\tools;C:\Windows\Microsoft.NET\Framework64\v4.0.30319;C:\Users\Administrator\AppData\Roaming\npm
USERNAME=Administrator
OS=Windows_NT
PROCESSOR_IDENTIFIER=AMD64 Family 23 Model 17 Stepping 0, AuthenticAMD



---------------  S Y S T E M  ---------------

OS: Windows 10.0 , 64 bit Build 17134 (10.0.17134.753)

CPU:total 4 (initial active 4) (4 cores per cpu, 1 threads per core) family 23 model 17 stepping 0, cmov, cx8, fxsr, mmx, sse, sse2, sse3, ssse3, sse4.1, sse4.2, popcnt, avx, avx2, aes, clmul, mmxext, 3dnowpref, lzcnt, sse4a, tsc, tscinvbit, tscinv, bmi1

Memory: 4k page, physical 8077868k(788640k free), swap 14412392k(4152k free)

vm_info: OpenJDK 64-Bit Server VM (25.71-b00) for windows-amd64 JRE (1.8.0-25-microsoft-b00), built on Feb  7 2019 20:09:14 by "builder" with MS VC++ 10.0 (VS2010)

time: Sat Oct 23 18:03:58 2021
timezone: 中国标准时间
elapsed time: 0 seconds (0d 0h 0m 0s)

